<?xml version="1.0" encoding="UTF-8"?>
<!-- Generated by org.testng.reporters.JUnitReportReporter -->
<testsuite name="com.qa.Lsac.tests.Homepagetest" tests="1" time="19.529" ignored="3" failures="0" timestamp="01 Nov 2019 22:37:09 GMT" skipped="0" hostname="LAPTOP-B1VDJO44" errors="0">
  <testcase name="checktutorialnames" time="19.529" classname="com.qa.Lsac.tests.Homepagetest"/>
  <testcase name="countlibraries" classname="com.qa.Lsac.tests.Homepagetest">
    <skipped/>
  </testcase> <!-- countlibraries -->
  <testcase name="checktestnames" classname="com.qa.Lsac.tests.Homepagetest">
    <skipped/>
  </testcase> <!-- checktestnames -->
  <testcase name="counttestsections" classname="com.qa.Lsac.tests.Homepagetest">
    <skipped/>
  </testcase> <!-- counttestsections -->
</testsuite> <!-- com.qa.Lsac.tests.Homepagetest -->
